d:\snail_school\c plus\c_plus_prj\school_cleaning_management_program\school_cleaning_management_program\debug\vc142.pdb
d:\snail_school\c plus\c_plus_prj\school_cleaning_management_program\school_cleaning_management_program\debug\vc142.idb
d:\snail_school\c plus\c_plus_prj\school_cleaning_management_program\school_cleaning_management_program\debug\main.obj
d:\snail_school\c plus\c_plus_prj\school_cleaning_management_program\school_cleaning_management_program\debug\room.obj
d:\snail_school\c plus\c_plus_prj\school_cleaning_management_program\school_cleaning_management_program\debug\manager.obj
d:\snail_school\c plus\c_plus_prj\school_cleaning_management_program\school_cleaning_management_program\debug\vcpkg.applocal.log
d:\snail_school\c plus\c_plus_prj\school_cleaning_management_program\debug\school_cleaning_management_program.pdb
d:\snail_school\c plus\c_plus_prj\school_cleaning_management_program\school_cleaning_management_program\debug\school_c.0e0f5a77.tlog\cl.command.1.tlog
d:\snail_school\c plus\c_plus_prj\school_cleaning_management_program\school_cleaning_management_program\debug\school_c.0e0f5a77.tlog\cl.read.1.tlog
d:\snail_school\c plus\c_plus_prj\school_cleaning_management_program\school_cleaning_management_program\debug\school_c.0e0f5a77.tlog\cl.write.1.tlog
d:\snail_school\c plus\c_plus_prj\school_cleaning_management_program\school_cleaning_management_program\debug\school_c.0e0f5a77.tlog\link.29868-cvtres.read.1.tlog
d:\snail_school\c plus\c_plus_prj\school_cleaning_management_program\school_cleaning_management_program\debug\school_c.0e0f5a77.tlog\link.29868-cvtres.write.1.tlog
d:\snail_school\c plus\c_plus_prj\school_cleaning_management_program\school_cleaning_management_program\debug\school_c.0e0f5a77.tlog\link.29868-rc.read.1.tlog
d:\snail_school\c plus\c_plus_prj\school_cleaning_management_program\school_cleaning_management_program\debug\school_c.0e0f5a77.tlog\link.29868-rc.write.1.tlog
d:\snail_school\c plus\c_plus_prj\school_cleaning_management_program\school_cleaning_management_program\debug\school_c.0e0f5a77.tlog\link.29868.read.1.tlog
d:\snail_school\c plus\c_plus_prj\school_cleaning_management_program\school_cleaning_management_program\debug\school_c.0e0f5a77.tlog\link.29868.write.1.tlog
d:\snail_school\c plus\c_plus_prj\school_cleaning_management_program\school_cleaning_management_program\debug\school_c.0e0f5a77.tlog\link.command.1.tlog
d:\snail_school\c plus\c_plus_prj\school_cleaning_management_program\school_cleaning_management_program\debug\school_c.0e0f5a77.tlog\link.read.1.tlog
d:\snail_school\c plus\c_plus_prj\school_cleaning_management_program\school_cleaning_management_program\debug\school_c.0e0f5a77.tlog\link.write.1.tlog
d:\snail_school\c plus\c_plus_prj\school_cleaning_management_program\school_cleaning_management_program\debug\school_c.0e0f5a77.tlog\school_cleaning_management_program.write.1u.tlog
